2021-05-09 16:08:29.268 [2457] main/103/security-server C> Tarantool 2.7.2-0-g4d8c06890
2021-05-09 16:08:29.268 [2457] main/103/security-server C> log level 5
2021-05-09 16:08:29.269 [2457] main/103/security-server I> wal/engine cleanup is paused
2021-05-09 16:08:29.282 [2457] main/103/security-server I> mapping 268435456 bytes for memtx tuple arena...
2021-05-09 16:08:29.282 [2457] main/103/security-server I> Actual slab_alloc_factor calculated on the basis of desired slab_alloc_factor = 1.044274
2021-05-09 16:08:29.287 [2457] main/103/security-server I> mapping 134217728 bytes for vinyl tuple arena...
2021-05-09 16:08:29.290 [2457] main/103/security-server I> instance uuid 79614bf8-5a35-41b4-b2f4-2d08080d45f1
2021-05-09 16:08:29.300 [2457] main/103/security-server I> instance vclock {1: 9}
2021-05-09 16:08:29.302 [2457] main/103/security-server I> recovery start
2021-05-09 16:08:29.303 [2457] main/103/security-server I> recovering from `/var/lib/tarantool/security-server/00000000000000000000.snap'
2021-05-09 16:08:29.304 [2457] main/103/security-server I> cluster uuid 9bcbed6a-0aee-480b-bece-48c87588b2dd
2021-05-09 16:08:29.320 [2457] main/103/security-server I> assigned id 1 to replica 79614bf8-5a35-41b4-b2f4-2d08080d45f1
2021-05-09 16:08:29.323 [2457] main/103/security-server I> recover from `/var/lib/tarantool/security-server/00000000000000000000.xlog'
2021-05-09 16:08:29.323 [2457] main/103/security-server I> done `/var/lib/tarantool/security-server/00000000000000000000.xlog'
2021-05-09 16:08:29.326 [2457] main/103/security-server I> recover from `/var/lib/tarantool/security-server/00000000000000000008.xlog'
2021-05-09 16:08:29.327 [2457] main/103/security-server I> done `/var/lib/tarantool/security-server/00000000000000000008.xlog'
2021-05-09 16:08:29.329 [2457] main/103/security-server I> recover from `/var/lib/tarantool/security-server/00000000000000000009.xlog'
2021-05-09 16:08:29.329 [2457] main/103/security-server I> done `/var/lib/tarantool/security-server/00000000000000000009.xlog'
2021-05-09 16:08:29.338 [2457] main/103/security-server I> ready to accept requests
2021-05-09 16:08:29.338 [2457] main/103/security-server C> leaving orphan mode
2021-05-09 16:08:29.338 [2457] main/105/gc I> wal/engine cleanup is resumed
2021-05-09 16:08:29.339 [2457] main/103/security-server I> set 'log_level' configuration option to 5
2021-05-09 16:08:29.339 [2457] main/106/checkpoint_daemon I> scheduled next checkpoint for Sun May  9 17:36:57 2021
2021-05-09 16:08:29.341 [2457] main/103/security-server I> set 'log_format' configuration option to "plain"
2021-05-09 16:08:29.361 [2457] main/119/http/0.0.0.0:8080 I> started
2021-05-09 16:08:29.361 [2457] main C> entering the event loop
2021-05-09 16:08:45.637 [2457] main/120/http/172.17.0.1:34116 I> GET /ping
2021-05-09 16:53:03.655 [2457] main C> got signal 15 - Terminated
2021-05-09 16:53:04.673 [3143] main/103/security-server C> Tarantool 2.7.2-0-g4d8c06890
2021-05-09 16:53:04.673 [3143] main/103/security-server C> log level 5
2021-05-09 16:53:04.674 [3143] main/103/security-server I> wal/engine cleanup is paused
2021-05-09 16:53:04.684 [3143] main/103/security-server I> mapping 268435456 bytes for memtx tuple arena...
2021-05-09 16:53:04.685 [3143] main/103/security-server I> Actual slab_alloc_factor calculated on the basis of desired slab_alloc_factor = 1.044274
2021-05-09 16:53:04.685 [3143] main/103/security-server I> mapping 134217728 bytes for vinyl tuple arena...
2021-05-09 16:53:04.689 [3143] main/103/security-server I> instance uuid 79614bf8-5a35-41b4-b2f4-2d08080d45f1
2021-05-09 16:53:04.699 [3143] main/103/security-server I> instance vclock {1: 9}
2021-05-09 16:53:04.701 [3143] main/103/security-server I> recovery start
2021-05-09 16:53:04.701 [3143] main/103/security-server I> recovering from `/var/lib/tarantool/security-server/00000000000000000000.snap'
2021-05-09 16:53:04.704 [3143] main/103/security-server I> cluster uuid 9bcbed6a-0aee-480b-bece-48c87588b2dd
2021-05-09 16:53:04.719 [3143] main/103/security-server I> assigned id 1 to replica 79614bf8-5a35-41b4-b2f4-2d08080d45f1
2021-05-09 16:53:04.723 [3143] main/103/security-server I> recover from `/var/lib/tarantool/security-server/00000000000000000000.xlog'
2021-05-09 16:53:04.724 [3143] main/103/security-server I> done `/var/lib/tarantool/security-server/00000000000000000000.xlog'
2021-05-09 16:53:04.727 [3143] main/103/security-server I> recover from `/var/lib/tarantool/security-server/00000000000000000008.xlog'
2021-05-09 16:53:04.727 [3143] main/103/security-server I> done `/var/lib/tarantool/security-server/00000000000000000008.xlog'
2021-05-09 16:53:04.729 [3143] main/103/security-server I> recover from `/var/lib/tarantool/security-server/00000000000000000009.xlog'
2021-05-09 16:53:04.730 [3143] main/103/security-server I> done `/var/lib/tarantool/security-server/00000000000000000009.xlog'
2021-05-09 16:53:04.739 [3143] main/103/security-server I> ready to accept requests
2021-05-09 16:53:04.739 [3143] main/103/security-server C> leaving orphan mode
2021-05-09 16:53:04.739 [3143] main/105/gc I> wal/engine cleanup is resumed
2021-05-09 16:53:04.740 [3143] main/103/security-server I> set 'log_level' configuration option to 5
2021-05-09 16:53:04.740 [3143] main/106/checkpoint_daemon I> scheduled next checkpoint for Sun May  9 18:41:59 2021
2021-05-09 16:53:04.741 [3143] main/103/security-server I> set 'log_format' configuration option to "plain"
2021-05-09 16:53:04.801 [3143] main/119/http/0.0.0.0:8080 I> started
2021-05-09 16:53:04.801 [3143] main C> entering the event loop
2021-05-09 16:53:41.992 [25] main/103/security-server C> Tarantool 2.7.2-0-g4d8c06890
2021-05-09 16:53:41.993 [25] main/103/security-server C> log level 5
2021-05-09 16:53:41.993 [25] main/103/security-server I> wal/engine cleanup is paused
2021-05-09 16:53:41.996 [25] main/103/security-server I> mapping 268435456 bytes for memtx tuple arena...
2021-05-09 16:53:41.996 [25] main/103/security-server I> Actual slab_alloc_factor calculated on the basis of desired slab_alloc_factor = 1.044274
2021-05-09 16:53:41.997 [25] main/103/security-server I> mapping 134217728 bytes for vinyl tuple arena...
2021-05-09 16:53:42.000 [25] main/103/security-server I> instance uuid df9a83a1-f28d-4a1d-ba28-cdaeb9099b2a
2021-05-09 16:53:42.001 [25] main/103/security-server I> initializing an empty data directory
2021-05-09 16:53:42.020 [25] main/103/security-server I> assigned id 1 to replica df9a83a1-f28d-4a1d-ba28-cdaeb9099b2a
2021-05-09 16:53:42.020 [25] main/103/security-server I> cluster uuid 8be5b980-ffea-415e-a065-1717361547f9
2021-05-09 16:53:42.025 [25] snapshot/101/main I> saving snapshot `/var/lib/tarantool/security-server/00000000000000000000.snap.inprogress'
2021-05-09 16:53:42.030 [25] snapshot/101/main I> done
2021-05-09 16:53:42.036 [25] main/103/security-server I> ready to accept requests
2021-05-09 16:53:42.036 [25] main/105/gc I> wal/engine cleanup is resumed
2021-05-09 16:53:42.037 [25] main/103/security-server I> set 'log_level' configuration option to 5
2021-05-09 16:53:42.037 [25] main/106/checkpoint_daemon I> scheduled next checkpoint for Sun May  9 18:16:51 2021
2021-05-09 16:53:42.039 [25] main/103/security-server I> set 'log_format' configuration option to "plain"
2021-05-09 16:53:42.049 [25] wal/101/main xlog.c:1050 W> fallocate is not supported, proceeding without it
2021-05-09 16:53:42.073 [25] main/119/http/0.0.0.0:8080 I> started
2021-05-09 16:53:42.073 [25] main C> entering the event loop
2021-05-09 16:53:45.850 [25] main/120/http/172.17.0.1:34304 I> GET /ping
2021-05-09 16:53:48.301 [25] main/121/http/172.17.0.1:34308 I> POST /app
2021-05-09 16:53:58.290 [25] main/122/http/172.17.0.1:34312 I> POST /app
2021-05-09 16:54:11.674 [25] main/123/http/172.17.0.1:34318 I> POST /app
2021-05-09 16:54:15.602 [25] main/124/http/172.17.0.1:34322 I> GET /app/kw002
2021-05-09 16:54:19.564 [25] main/125/http/172.17.0.1:34326 I> GET /app
2021-05-09 16:54:30.266 [25] main/126/http/172.17.0.1:34330 I> PUT /app/kw002
2021-05-09 16:54:34.129 [25] main/127/http/172.17.0.1:34334 I> GET /app/kw002
2021-05-09 16:54:56.484 [25] main/128/http/172.17.0.1:34340 I> PUT /app/kw002
2021-05-09 16:55:11.206 [25] main/129/http/172.17.0.1:34344 I> GET /app/kw002
2021-05-09 16:55:35.973 [25] main/130/http/172.17.0.1:34350 I> PUT /app/kw002
2021-05-09 16:55:38.865 [25] main/131/http/172.17.0.1:34354 I> GET /app/kw002
2021-05-09 16:56:58.808 [25] main/132/http/172.17.0.1:34364 I> DELETE /app/kw002
2021-05-09 16:56:58.810 [25] main/132/http/172.17.0.1:34364 server.lua:745 E> unhandled error: /usr/share/tarantool/controllers/app.lua:93: attempt to index global 'params' (a nil value)
stack traceback:
	/.rocks/share/tarantool/http/server.lua:743: in function 'process_client'
	/.rocks/share/tarantool/http/server.lua:1199: in function </.rocks/share/tarantool/http/server.lua:1198>
	[C]: in function 'pcall'
	builtin/socket.lua:1081: in function <builtin/socket.lua:1079>
request:
DELETE /app/kw002? HTTP/1.1
Host: localhost:8081
Connection: close
User-agent: vscode-restclient
Accept-encoding: gzip, deflate


2021-05-09 16:57:59.489 [25] main C> got signal 15 - Terminated
2021-05-09 16:58:00.523 [104] main/103/security-server C> Tarantool 2.7.2-0-g4d8c06890
2021-05-09 16:58:00.523 [104] main/103/security-server C> log level 5
2021-05-09 16:58:00.524 [104] main/103/security-server I> wal/engine cleanup is paused
2021-05-09 16:58:00.539 [104] main/103/security-server I> mapping 268435456 bytes for memtx tuple arena...
2021-05-09 16:58:00.539 [104] main/103/security-server I> Actual slab_alloc_factor calculated on the basis of desired slab_alloc_factor = 1.044274
2021-05-09 16:58:00.540 [104] main/103/security-server I> mapping 134217728 bytes for vinyl tuple arena...
2021-05-09 16:58:00.548 [104] main/103/security-server I> instance uuid df9a83a1-f28d-4a1d-ba28-cdaeb9099b2a
2021-05-09 16:58:00.561 [104] main/103/security-server I> instance vclock {1: 10}
2021-05-09 16:58:00.564 [104] main/103/security-server I> recovery start
2021-05-09 16:58:00.564 [104] main/103/security-server I> recovering from `/var/lib/tarantool/security-server/00000000000000000000.snap'
2021-05-09 16:58:00.568 [104] main/103/security-server I> cluster uuid 8be5b980-ffea-415e-a065-1717361547f9
2021-05-09 16:58:00.614 [104] main/103/security-server I> assigned id 1 to replica df9a83a1-f28d-4a1d-ba28-cdaeb9099b2a
2021-05-09 16:58:00.617 [104] main/103/security-server I> recover from `/var/lib/tarantool/security-server/00000000000000000000.xlog'
2021-05-09 16:58:00.617 [104] main/103/security-server I> done `/var/lib/tarantool/security-server/00000000000000000000.xlog'
2021-05-09 16:58:00.619 [104] main/103/security-server I> recover from `/var/lib/tarantool/security-server/00000000000000000010.xlog'
2021-05-09 16:58:00.619 [104] main/103/security-server I> done `/var/lib/tarantool/security-server/00000000000000000010.xlog'
2021-05-09 16:58:00.628 [104] main/103/security-server I> ready to accept requests
2021-05-09 16:58:00.628 [104] main/103/security-server C> leaving orphan mode
2021-05-09 16:58:00.628 [104] main/105/gc I> wal/engine cleanup is resumed
2021-05-09 16:58:00.629 [104] main/103/security-server I> set 'log_level' configuration option to 5
2021-05-09 16:58:00.629 [104] main/106/checkpoint_daemon I> scheduled next checkpoint for Sun May  9 18:13:59 2021
2021-05-09 16:58:00.630 [104] main/103/security-server I> set 'log_format' configuration option to "plain"
2021-05-09 16:58:00.661 [104] main/119/http/0.0.0.0:8080 I> started
2021-05-09 16:58:00.661 [104] main C> entering the event loop
2021-05-09 16:58:03.009 [104] main/120/http/172.17.0.1:34374 I> GET /app/kw002
2021-05-09 16:58:13.525 [104] main/121/http/172.17.0.1:34380 I> PUT /app/kw002
2021-05-09 16:58:13.526 [104] wal/101/main xlog.c:1050 W> fallocate is not supported, proceeding without it
2021-05-09 16:58:17.183 [104] main/122/http/172.17.0.1:34384 I> GET /app/kw002
2021-05-09 16:58:31.100 [104] main/123/http/172.17.0.1:34388 I> DELETE /app/kw002
2021-05-09 16:58:32.541 [104] main/124/http/172.17.0.1:34392 I> DELETE /app/kw002
2021-05-09 16:58:33.668 [104] main/125/http/172.17.0.1:34396 I> DELETE /app/kw002
2021-05-09 16:58:35.714 [104] main/126/http/172.17.0.1:34400 I> GET /app/kw002
2021-05-09 16:58:37.630 [104] main/127/http/172.17.0.1:34404 I> GET /app/kw002
2021-05-09 16:58:39.483 [104] main/128/http/172.17.0.1:34408 I> DELETE /app/kw002
2021-05-09 16:58:40.907 [104] main/129/http/172.17.0.1:34412 I> DELETE /app/kw002
2021-05-09 16:58:46.139 [104] main/130/http/172.17.0.1:34418 I> GET /app/kw002
2021-05-09 16:59:22.811 [104] main C> got signal 15 - Terminated
2021-05-09 16:59:23.837 [144] main/103/security-server C> Tarantool 2.7.2-0-g4d8c06890
2021-05-09 16:59:23.837 [144] main/103/security-server C> log level 5
2021-05-09 16:59:23.837 [144] main/103/security-server I> wal/engine cleanup is paused
2021-05-09 16:59:23.847 [144] main/103/security-server I> mapping 268435456 bytes for memtx tuple arena...
2021-05-09 16:59:23.847 [144] main/103/security-server I> Actual slab_alloc_factor calculated on the basis of desired slab_alloc_factor = 1.044274
2021-05-09 16:59:23.848 [144] main/103/security-server I> mapping 134217728 bytes for vinyl tuple arena...
2021-05-09 16:59:23.850 [144] main/103/security-server I> instance uuid df9a83a1-f28d-4a1d-ba28-cdaeb9099b2a
2021-05-09 16:59:23.860 [144] main/103/security-server I> instance vclock {1: 16}
2021-05-09 16:59:23.861 [144] main/103/security-server I> recovery start
2021-05-09 16:59:23.861 [144] main/103/security-server I> recovering from `/var/lib/tarantool/security-server/00000000000000000000.snap'
2021-05-09 16:59:23.863 [144] main/103/security-server I> cluster uuid 8be5b980-ffea-415e-a065-1717361547f9
2021-05-09 16:59:23.880 [144] main/103/security-server I> assigned id 1 to replica df9a83a1-f28d-4a1d-ba28-cdaeb9099b2a
2021-05-09 16:59:23.882 [144] main/103/security-server I> recover from `/var/lib/tarantool/security-server/00000000000000000000.xlog'
2021-05-09 16:59:23.883 [144] main/103/security-server I> done `/var/lib/tarantool/security-server/00000000000000000000.xlog'
2021-05-09 16:59:23.885 [144] main/103/security-server I> recover from `/var/lib/tarantool/security-server/00000000000000000010.xlog'
2021-05-09 16:59:23.885 [144] main/103/security-server I> done `/var/lib/tarantool/security-server/00000000000000000010.xlog'
2021-05-09 16:59:23.886 [144] main/103/security-server I> recover from `/var/lib/tarantool/security-server/00000000000000000016.xlog'
2021-05-09 16:59:23.887 [144] main/103/security-server I> done `/var/lib/tarantool/security-server/00000000000000000016.xlog'
2021-05-09 16:59:23.895 [144] main/103/security-server I> ready to accept requests
2021-05-09 16:59:23.895 [144] main/103/security-server C> leaving orphan mode
2021-05-09 16:59:23.896 [144] main/105/gc I> wal/engine cleanup is resumed
2021-05-09 16:59:23.896 [144] main/103/security-server I> set 'log_level' configuration option to 5
2021-05-09 16:59:23.896 [144] main/106/checkpoint_daemon I> scheduled next checkpoint for Sun May  9 18:34:50 2021
2021-05-09 16:59:23.898 [144] main/103/security-server I> set 'log_format' configuration option to "plain"
2021-05-09 16:59:23.928 [144] main/119/http/0.0.0.0:8080 I> started
2021-05-09 16:59:23.928 [144] main C> entering the event loop
2021-05-09 16:59:29.083 [144] main/120/http/172.17.0.1:34426 I> DELETE /app/kw002
2021-05-09 16:59:29.084 [144] wal/101/main xlog.c:1050 W> fallocate is not supported, proceeding without it
2021-05-09 16:59:34.483 [144] main/121/http/172.17.0.1:34430 I> DELETE /app/kw002
2021-05-09 16:59:36.534 [144] main/122/http/172.17.0.1:34434 I> GET /app/kw002
2021-05-09 16:59:39.527 [144] main/123/http/172.17.0.1:34438 I> DELETE /app/kw002
2021-05-09 17:00:38.520 [144] main/124/http/172.17.0.1:34446 I> PUT /app/kw002
2021-05-09 17:00:41.829 [144] main/125/http/172.17.0.1:34450 I> GET /app/kw002
2021-05-09 17:01:46.398 [144] main/127/http/172.17.0.1:34462 I> DELETE /app/kw002
2021-05-09 17:02:03.400 [144] main/128/http/172.17.0.1:34466 I> DELETE /app/kw002
2021-05-09 17:02:09.053 [144] main/129/http/172.17.0.1:34470 I> PUT /app/kw002
2021-05-09 17:02:14.221 [144] main/130/http/172.17.0.1:34476 I> GET /app/kw002
2021-05-09 17:02:15.467 [144] main/131/http/172.17.0.1:34480 I> GET /app/kw002
2021-05-09 17:02:24.144 [144] main/132/http/172.17.0.1:34484 I> GET /app/kw002
2021-05-09 17:02:47.710 [144] main/133/http/172.17.0.1:34490 I> GET /app/kw002
2021-05-09 17:03:28.150 [144] main C> got signal 15 - Terminated
2021-05-09 17:03:29.169 [227] main/103/security-server C> Tarantool 2.7.2-0-g4d8c06890
2021-05-09 17:03:29.170 [227] main/103/security-server C> log level 5
2021-05-09 17:03:29.170 [227] main/103/security-server I> wal/engine cleanup is paused
2021-05-09 17:03:29.184 [227] main/103/security-server I> mapping 268435456 bytes for memtx tuple arena...
2021-05-09 17:03:29.184 [227] main/103/security-server I> Actual slab_alloc_factor calculated on the basis of desired slab_alloc_factor = 1.044274
2021-05-09 17:03:29.184 [227] main/103/security-server I> mapping 134217728 bytes for vinyl tuple arena...
2021-05-09 17:03:29.187 [227] main/103/security-server I> instance uuid df9a83a1-f28d-4a1d-ba28-cdaeb9099b2a
2021-05-09 17:03:29.204 [227] main/103/security-server I> instance vclock {1: 26}
2021-05-09 17:03:29.207 [227] main/103/security-server I> recovery start
2021-05-09 17:03:29.207 [227] main/103/security-server I> recovering from `/var/lib/tarantool/security-server/00000000000000000000.snap'
2021-05-09 17:03:29.209 [227] main/103/security-server I> cluster uuid 8be5b980-ffea-415e-a065-1717361547f9
2021-05-09 17:03:29.237 [227] main/103/security-server I> assigned id 1 to replica df9a83a1-f28d-4a1d-ba28-cdaeb9099b2a
2021-05-09 17:03:29.240 [227] main/103/security-server I> recover from `/var/lib/tarantool/security-server/00000000000000000000.xlog'
2021-05-09 17:03:29.241 [227] main/103/security-server I> done `/var/lib/tarantool/security-server/00000000000000000000.xlog'
2021-05-09 17:03:29.244 [227] main/103/security-server I> recover from `/var/lib/tarantool/security-server/00000000000000000010.xlog'
2021-05-09 17:03:29.244 [227] main/103/security-server I> done `/var/lib/tarantool/security-server/00000000000000000010.xlog'
2021-05-09 17:03:29.247 [227] main/103/security-server I> recover from `/var/lib/tarantool/security-server/00000000000000000016.xlog'
2021-05-09 17:03:29.247 [227] main/103/security-server I> done `/var/lib/tarantool/security-server/00000000000000000016.xlog'
2021-05-09 17:03:29.251 [227] main/103/security-server I> recover from `/var/lib/tarantool/security-server/00000000000000000026.xlog'
2021-05-09 17:03:29.251 [227] main/103/security-server I> done `/var/lib/tarantool/security-server/00000000000000000026.xlog'
2021-05-09 17:03:29.267 [227] main/103/security-server I> ready to accept requests
2021-05-09 17:03:29.267 [227] main/103/security-server C> leaving orphan mode
2021-05-09 17:03:29.267 [227] main/105/gc I> wal/engine cleanup is resumed
2021-05-09 17:03:29.267 [227] main/103/security-server I> set 'log_level' configuration option to 5
2021-05-09 17:03:29.268 [227] main/106/checkpoint_daemon I> scheduled next checkpoint for Sun May  9 18:06:40 2021
2021-05-09 17:03:29.270 [227] main/103/security-server I> set 'log_format' configuration option to "plain"
2021-05-09 17:03:29.298 [227] main/119/http/0.0.0.0:8080 I> started
2021-05-09 17:03:29.298 [227] main C> entering the event loop
2021-05-09 17:03:36.862 [227] main/120/http/172.17.0.1:34498 I> DELETE /app/kw002
2021-05-09 17:03:36.863 [227] wal/101/main xlog.c:1050 W> fallocate is not supported, proceeding without it
2021-05-09 17:03:41.699 [227] main/121/http/172.17.0.1:34502 I> PUT /app/kw002
2021-05-09 17:03:44.350 [227] main/122/http/172.17.0.1:34508 I> GET /app/kw002
2021-05-09 17:26:14.815 [25] main/103/security-server C> Tarantool 2.7.2-0-g4d8c06890
2021-05-09 17:26:14.815 [25] main/103/security-server C> log level 5
2021-05-09 17:26:14.816 [25] main/103/security-server I> wal/engine cleanup is paused
2021-05-09 17:26:14.819 [25] main/103/security-server I> mapping 268435456 bytes for memtx tuple arena...
2021-05-09 17:26:14.819 [25] main/103/security-server I> Actual slab_alloc_factor calculated on the basis of desired slab_alloc_factor = 1.044274
2021-05-09 17:26:14.819 [25] main/103/security-server I> mapping 134217728 bytes for vinyl tuple arena...
2021-05-09 17:26:14.824 [25] main/103/security-server I> instance uuid b6f7e575-de2b-474a-86a1-760e0417a9c2
2021-05-09 17:26:14.825 [25] main/103/security-server I> initializing an empty data directory
2021-05-09 17:26:14.843 [25] main/103/security-server I> assigned id 1 to replica b6f7e575-de2b-474a-86a1-760e0417a9c2
2021-05-09 17:26:14.844 [25] main/103/security-server I> cluster uuid 050d4b13-0537-4ae8-8eea-4e8a672b6de3
2021-05-09 17:26:14.847 [25] snapshot/101/main I> saving snapshot `/var/lib/tarantool/security-server/00000000000000000000.snap.inprogress'
2021-05-09 17:26:14.851 [25] snapshot/101/main I> done
2021-05-09 17:26:14.857 [25] main/103/security-server I> ready to accept requests
2021-05-09 17:26:14.857 [25] main/105/gc I> wal/engine cleanup is resumed
2021-05-09 17:26:14.858 [25] main/103/security-server I> set 'log_level' configuration option to 5
2021-05-09 17:26:14.858 [25] main/106/checkpoint_daemon I> scheduled next checkpoint for Sun May  9 18:52:08 2021
2021-05-09 17:26:14.860 [25] main/103/security-server I> set 'log_format' configuration option to "plain"
2021-05-09 17:26:14.869 [25] wal/101/main xlog.c:1050 W> fallocate is not supported, proceeding without it
2021-05-09 17:26:14.911 [25] main/119/http/0.0.0.0:8080 I> started
2021-05-09 17:26:14.912 [25] main C> entering the event loop
2021-05-09 17:26:19.808 [25] main/120/http/172.17.0.1:34604 I> GET /ping
2021-05-09 17:26:22.152 [25] main/121/http/172.17.0.1:34608 I> POST /app
2021-05-09 17:26:22.153 [25] main/121/http/172.17.0.1:34608 server.lua:745 E> unhandled error: /usr/share/tarantool/controllers/app.lua:32: attempt to call method 'path' (a string value)
stack traceback:
	/.rocks/share/tarantool/http/server.lua:743: in function 'process_client'
	/.rocks/share/tarantool/http/server.lua:1199: in function </.rocks/share/tarantool/http/server.lua:1198>
	[C]: in function 'pcall'
	builtin/socket.lua:1081: in function <builtin/socket.lua:1079>
request:
POST /app? HTTP/1.1
Host: localhost:8081
Content-type: application/json
Connection: close
Content-length: 133
User-agent: vscode-restclient
Accept-encoding: gzip, deflate


2021-05-09 17:28:34.658 [25] main C> got signal 15 - Terminated
2021-05-09 17:28:35.699 [72] main/103/security-server C> Tarantool 2.7.2-0-g4d8c06890
2021-05-09 17:28:35.700 [72] main/103/security-server C> log level 5
2021-05-09 17:28:35.700 [72] main/103/security-server I> wal/engine cleanup is paused
2021-05-09 17:28:35.712 [72] main/103/security-server I> mapping 268435456 bytes for memtx tuple arena...
2021-05-09 17:28:35.712 [72] main/103/security-server I> Actual slab_alloc_factor calculated on the basis of desired slab_alloc_factor = 1.044274
2021-05-09 17:28:35.713 [72] main/103/security-server I> mapping 134217728 bytes for vinyl tuple arena...
2021-05-09 17:28:35.716 [72] main/103/security-server I> instance uuid b6f7e575-de2b-474a-86a1-760e0417a9c2
2021-05-09 17:28:35.723 [72] main/103/security-server I> instance vclock {1: 5}
2021-05-09 17:28:35.725 [72] main/103/security-server I> recovery start
2021-05-09 17:28:35.726 [72] main/103/security-server I> recovering from `/var/lib/tarantool/security-server/00000000000000000000.snap'
2021-05-09 17:28:35.728 [72] main/103/security-server I> cluster uuid 050d4b13-0537-4ae8-8eea-4e8a672b6de3
2021-05-09 17:28:35.744 [72] main/103/security-server I> assigned id 1 to replica b6f7e575-de2b-474a-86a1-760e0417a9c2
2021-05-09 17:28:35.748 [72] main/103/security-server I> recover from `/var/lib/tarantool/security-server/00000000000000000000.xlog'
2021-05-09 17:28:35.749 [72] main/103/security-server I> done `/var/lib/tarantool/security-server/00000000000000000000.xlog'
2021-05-09 17:28:35.751 [72] main/103/security-server I> recover from `/var/lib/tarantool/security-server/00000000000000000005.xlog'
2021-05-09 17:28:35.751 [72] main/103/security-server I> done `/var/lib/tarantool/security-server/00000000000000000005.xlog'
2021-05-09 17:28:35.760 [72] main/103/security-server I> ready to accept requests
2021-05-09 17:28:35.760 [72] main/103/security-server C> leaving orphan mode
2021-05-09 17:28:35.760 [72] main/105/gc I> wal/engine cleanup is resumed
2021-05-09 17:28:35.761 [72] main/103/security-server I> set 'log_level' configuration option to 5
2021-05-09 17:28:35.761 [72] main/106/checkpoint_daemon I> scheduled next checkpoint for Sun May  9 19:25:59 2021
2021-05-09 17:28:35.766 [72] main/103/security-server I> set 'log_format' configuration option to "plain"
2021-05-09 17:28:35.790 [72] main/103/security-server tarantoolctl:549 E> Start failed: error loading module 'controllers.app' from file '/usr/share/tarantool/controllers/app.lua':
	/usr/share/tarantool/controllers/app.lua:32: function arguments expected near ','
2021-05-09 17:28:35.751 [72] main/103/security-server I> recover from `/var/lib/tarantool/security-server/00000000000000000005.xlog'
2021-05-09 17:28:35.751 [72] main/103/security-server I> done `/var/lib/tarantool/security-server/00000000000000000005.xlog'
2021-05-09 17:28:35.760 [72] main/103/security-server I> ready to accept requests
2021-05-09 17:28:35.760 [72] main/103/security-server C> leaving orphan mode
2021-05-09 17:28:35.760 [72] main/105/gc I> wal/engine cleanup is resumed
2021-05-09 17:28:35.761 [72] main/103/security-server I> set 'log_level' configuration option to 5
2021-05-09 17:28:35.761 [72] main/106/checkpoint_daemon I> scheduled next checkpoint for Sun May  9 19:25:59 2021
2021-05-09 17:28:35.766 [72] main/103/security-server I> set 'log_format' configuration option to "plain"
2021-05-09 17:28:35.790 [72] main/103/security-server tarantoolctl:549 E> Start failed: error loading module 'controllers.app' from file '/usr/share/tarantool/controllers/app.lua':
	/usr/share/tarantool/controllers/app.lua:32: function arguments expected near ','
2021-05-09 17:29:00.859 [99] main/103/security-server C> Tarantool 2.7.2-0-g4d8c06890
2021-05-09 17:29:00.859 [99] main/103/security-server C> log level 5
2021-05-09 17:29:00.860 [99] main/103/security-server I> wal/engine cleanup is paused
2021-05-09 17:29:00.870 [99] main/103/security-server I> mapping 268435456 bytes for memtx tuple arena...
2021-05-09 17:29:00.870 [99] main/103/security-server I> Actual slab_alloc_factor calculated on the basis of desired slab_alloc_factor = 1.044274
2021-05-09 17:29:00.871 [99] main/103/security-server I> mapping 134217728 bytes for vinyl tuple arena...
2021-05-09 17:29:00.874 [99] main/103/security-server I> instance uuid b6f7e575-de2b-474a-86a1-760e0417a9c2
2021-05-09 17:29:00.880 [99] main/103/security-server I> instance vclock {1: 5}
2021-05-09 17:29:00.882 [99] main/103/security-server I> recovery start
2021-05-09 17:29:00.882 [99] main/103/security-server I> recovering from `/var/lib/tarantool/security-server/00000000000000000000.snap'
2021-05-09 17:29:00.884 [99] main/103/security-server I> cluster uuid 050d4b13-0537-4ae8-8eea-4e8a672b6de3
2021-05-09 17:29:00.900 [99] main/103/security-server I> assigned id 1 to replica b6f7e575-de2b-474a-86a1-760e0417a9c2
2021-05-09 17:29:00.904 [99] main/103/security-server I> recover from `/var/lib/tarantool/security-server/00000000000000000000.xlog'
2021-05-09 17:29:00.904 [99] main/103/security-server I> done `/var/lib/tarantool/security-server/00000000000000000000.xlog'
2021-05-09 17:29:00.906 [99] main/103/security-server I> recover from `/var/lib/tarantool/security-server/00000000000000000005.xlog'
2021-05-09 17:29:00.907 [99] main/103/security-server I> done `/var/lib/tarantool/security-server/00000000000000000005.xlog'
2021-05-09 17:29:00.913 [99] main/103/security-server I> ready to accept requests
2021-05-09 17:29:00.914 [99] main/103/security-server C> leaving orphan mode
2021-05-09 17:29:00.914 [99] main/105/gc I> wal/engine cleanup is resumed
2021-05-09 17:29:00.914 [99] main/103/security-server I> set 'log_level' configuration option to 5
2021-05-09 17:29:00.914 [99] main/106/checkpoint_daemon I> scheduled next checkpoint for Sun May  9 19:00:16 2021
2021-05-09 17:29:00.916 [99] main/103/security-server I> set 'log_format' configuration option to "plain"
2021-05-09 17:29:00.945 [99] main/119/http/0.0.0.0:8080 I> started
2021-05-09 17:29:00.945 [99] main C> entering the event loop
2021-05-09 17:29:05.103 [99] main/120/http/172.17.0.1:34626 I> POST /app
2021-05-09 17:29:05.103 [99] main/120/http/172.17.0.1:34626 server.lua:745 E> unhandled error: /usr/share/tarantool/controllers/app.lua:48: attempt to call method 'path' (a string value)
stack traceback:
	/.rocks/share/tarantool/http/server.lua:743: in function 'process_client'
	/.rocks/share/tarantool/http/server.lua:1199: in function </.rocks/share/tarantool/http/server.lua:1198>
	[C]: in function 'pcall'
	builtin/socket.lua:1081: in function <builtin/socket.lua:1079>
request:
POST /app? HTTP/1.1
Host: localhost:8081
Content-type: application/json
Connection: close
Content-length: 133
User-agent: vscode-restclient
Accept-encoding: gzip, deflate


2021-05-09 17:30:05.127 [25] main/103/security-server C> Tarantool 2.7.2-0-g4d8c06890
2021-05-09 17:30:05.127 [25] main/103/security-server C> log level 5
2021-05-09 17:30:05.127 [25] main/103/security-server I> wal/engine cleanup is paused
2021-05-09 17:30:05.131 [25] main/103/security-server I> mapping 268435456 bytes for memtx tuple arena...
2021-05-09 17:30:05.132 [25] main/103/security-server I> Actual slab_alloc_factor calculated on the basis of desired slab_alloc_factor = 1.044274
2021-05-09 17:30:05.132 [25] main/103/security-server I> mapping 134217728 bytes for vinyl tuple arena...
2021-05-09 17:30:05.135 [25] main/103/security-server I> instance uuid a480f2a9-7eea-46ad-a703-cb6d31e753bf
2021-05-09 17:30:05.136 [25] main/103/security-server I> initializing an empty data directory
2021-05-09 17:30:05.154 [25] main/103/security-server I> assigned id 1 to replica a480f2a9-7eea-46ad-a703-cb6d31e753bf
2021-05-09 17:30:05.155 [25] main/103/security-server I> cluster uuid 38baa014-63ab-4094-bc44-16fcd6ab7c88
2021-05-09 17:30:05.159 [25] snapshot/101/main I> saving snapshot `/var/lib/tarantool/security-server/00000000000000000000.snap.inprogress'
2021-05-09 17:30:05.163 [25] snapshot/101/main I> done
2021-05-09 17:30:05.170 [25] main/103/security-server I> ready to accept requests
2021-05-09 17:30:05.170 [25] main/105/gc I> wal/engine cleanup is resumed
2021-05-09 17:30:05.171 [25] main/103/security-server I> set 'log_level' configuration option to 5
2021-05-09 17:30:05.171 [25] main/106/checkpoint_daemon I> scheduled next checkpoint for Sun May  9 19:21:13 2021
2021-05-09 17:30:05.173 [25] main/103/security-server I> set 'log_format' configuration option to "plain"
2021-05-09 17:30:05.182 [25] wal/101/main xlog.c:1050 W> fallocate is not supported, proceeding without it
2021-05-09 17:30:05.209 [25] main/119/http/0.0.0.0:8080 I> started
2021-05-09 17:30:05.209 [25] main C> entering the event loop
2021-05-09 17:30:08.749 [25] main/120/http/172.17.0.1:34638 I> GET /ping
2021-05-09 17:30:10.015 [25] main/121/http/172.17.0.1:34642 I> POST /app
2021-05-09 17:31:05.924 [25] main/122/http/172.17.0.1:34650 I> POST /app
2021-05-09 17:31:27.129 [25] main/123/http/172.17.0.1:34654 I> DELETE /app/kw002
2021-05-09 17:31:27.130 [25] main/123/http/172.17.0.1:34654 server.lua:745 E> unhandled error: /usr/share/tarantool/controllers/app.lua:98: attempt to index local 'result' (a nil value)
stack traceback:
	/.rocks/share/tarantool/http/server.lua:743: in function 'process_client'
	/.rocks/share/tarantool/http/server.lua:1199: in function </.rocks/share/tarantool/http/server.lua:1198>
	[C]: in function 'pcall'
	builtin/socket.lua:1081: in function <builtin/socket.lua:1079>
request:
DELETE /app/kw002? HTTP/1.1
Host: localhost:8081
Connection: close
User-agent: vscode-restclient
Accept-encoding: gzip, deflate


2021-05-09 17:31:36.841 [25] main/124/http/172.17.0.1:34660 I> DELETE /app/kw002
2021-05-09 17:31:36.843 [25] main/124/http/172.17.0.1:34660 server.lua:745 E> unhandled error: /usr/share/tarantool/controllers/app.lua:98: attempt to index local 'result' (a nil value)
stack traceback:
	/.rocks/share/tarantool/http/server.lua:743: in function 'process_client'
	/.rocks/share/tarantool/http/server.lua:1199: in function </.rocks/share/tarantool/http/server.lua:1198>
	[C]: in function 'pcall'
	builtin/socket.lua:1081: in function <builtin/socket.lua:1079>
request:
DELETE /app/kw002? HTTP/1.1
Host: localhost:8081
Connection: close
User-agent: vscode-restclient
Accept-encoding: gzip, deflate


2021-05-09 17:33:30.305 [25] main C> got signal 15 - Terminated
2021-05-09 17:33:31.320 [87] main/103/security-server C> Tarantool 2.7.2-0-g4d8c06890
2021-05-09 17:33:31.321 [87] main/103/security-server C> log level 5
2021-05-09 17:33:31.321 [87] main/103/security-server I> wal/engine cleanup is paused
2021-05-09 17:33:31.331 [87] main/103/security-server I> mapping 268435456 bytes for memtx tuple arena...
2021-05-09 17:33:31.331 [87] main/103/security-server I> Actual slab_alloc_factor calculated on the basis of desired slab_alloc_factor = 1.044274
2021-05-09 17:33:31.332 [87] main/103/security-server I> mapping 134217728 bytes for vinyl tuple arena...
2021-05-09 17:33:31.334 [87] main/103/security-server I> instance uuid a480f2a9-7eea-46ad-a703-cb6d31e753bf
2021-05-09 17:33:31.342 [87] main/103/security-server I> instance vclock {1: 7}
2021-05-09 17:33:31.344 [87] main/103/security-server I> recovery start
2021-05-09 17:33:31.344 [87] main/103/security-server I> recovering from `/var/lib/tarantool/security-server/00000000000000000000.snap'
2021-05-09 17:33:31.345 [87] main/103/security-server I> cluster uuid 38baa014-63ab-4094-bc44-16fcd6ab7c88
2021-05-09 17:33:31.362 [87] main/103/security-server I> assigned id 1 to replica a480f2a9-7eea-46ad-a703-cb6d31e753bf
2021-05-09 17:33:31.365 [87] main/103/security-server I> recover from `/var/lib/tarantool/security-server/00000000000000000000.xlog'
2021-05-09 17:33:31.366 [87] main/103/security-server I> done `/var/lib/tarantool/security-server/00000000000000000000.xlog'
2021-05-09 17:33:31.367 [87] main/103/security-server I> recover from `/var/lib/tarantool/security-server/00000000000000000007.xlog'
2021-05-09 17:33:31.368 [87] main/103/security-server I> done `/var/lib/tarantool/security-server/00000000000000000007.xlog'
2021-05-09 17:33:31.376 [87] main/103/security-server I> ready to accept requests
2021-05-09 17:33:31.376 [87] main/103/security-server C> leaving orphan mode
2021-05-09 17:33:31.376 [87] main/105/gc I> wal/engine cleanup is resumed
2021-05-09 17:33:31.377 [87] main/103/security-server I> set 'log_level' configuration option to 5
2021-05-09 17:33:31.377 [87] main/106/checkpoint_daemon I> scheduled next checkpoint for Sun May  9 19:26:06 2021
2021-05-09 17:33:31.386 [87] main/103/security-server I> set 'log_format' configuration option to "plain"
2021-05-09 17:33:31.415 [87] main/119/http/0.0.0.0:8080 I> started
2021-05-09 17:33:31.415 [87] main C> entering the event loop
2021-05-09 17:33:38.231 [87] main/120/http/172.17.0.1:34674 I> GET /app/kw002
2021-05-09 17:33:53.155 [87] main/121/http/172.17.0.1:34678 I> PUT /app/kw002
2021-05-09 17:33:53.156 [87] wal/101/main xlog.c:1050 W> fallocate is not supported, proceeding without it
2021-05-09 17:33:56.730 [87] main/122/http/172.17.0.1:34682 I> GET /app/kw002
2021-05-09 17:34:04.295 [87] main/123/http/172.17.0.1:34686 I> DELETE /app/kw002
2021-05-09 17:34:24.425 [87] main/124/http/172.17.0.1:34692 I> DELETE /app/kw002
2021-05-09 17:34:26.974 [87] main/125/http/172.17.0.1:34696 I> DELETE /app/kw002
2021-05-09 17:35:27.129 [87] main C> got signal 15 - Terminated
2021-05-09 17:35:28.145 [135] main/103/security-server C> Tarantool 2.7.2-0-g4d8c06890
2021-05-09 17:35:28.145 [135] main/103/security-server C> log level 5
2021-05-09 17:35:28.146 [135] main/103/security-server I> wal/engine cleanup is paused
2021-05-09 17:35:28.155 [135] main/103/security-server I> mapping 268435456 bytes for memtx tuple arena...
2021-05-09 17:35:28.156 [135] main/103/security-server I> Actual slab_alloc_factor calculated on the basis of desired slab_alloc_factor = 1.044274
2021-05-09 17:35:28.156 [135] main/103/security-server I> mapping 134217728 bytes for vinyl tuple arena...
2021-05-09 17:35:28.159 [135] main/103/security-server I> instance uuid a480f2a9-7eea-46ad-a703-cb6d31e753bf
2021-05-09 17:35:28.169 [135] main/103/security-server I> instance vclock {1: 11}
2021-05-09 17:35:28.171 [135] main/103/security-server I> recovery start
2021-05-09 17:35:28.171 [135] main/103/security-server I> recovering from `/var/lib/tarantool/security-server/00000000000000000000.snap'
2021-05-09 17:35:28.173 [135] main/103/security-server I> cluster uuid 38baa014-63ab-4094-bc44-16fcd6ab7c88
2021-05-09 17:35:28.188 [135] main/103/security-server I> assigned id 1 to replica a480f2a9-7eea-46ad-a703-cb6d31e753bf
2021-05-09 17:35:28.192 [135] main/103/security-server I> recover from `/var/lib/tarantool/security-server/00000000000000000000.xlog'
2021-05-09 17:35:28.193 [135] main/103/security-server I> done `/var/lib/tarantool/security-server/00000000000000000000.xlog'
2021-05-09 17:35:28.195 [135] main/103/security-server I> recover from `/var/lib/tarantool/security-server/00000000000000000007.xlog'
2021-05-09 17:35:28.196 [135] main/103/security-server I> done `/var/lib/tarantool/security-server/00000000000000000007.xlog'
2021-05-09 17:35:28.197 [135] main/103/security-server I> recover from `/var/lib/tarantool/security-server/00000000000000000011.xlog'
2021-05-09 17:35:28.198 [135] main/103/security-server I> done `/var/lib/tarantool/security-server/00000000000000000011.xlog'
2021-05-09 17:35:28.207 [135] main/103/security-server I> ready to accept requests
2021-05-09 17:35:28.207 [135] main/103/security-server C> leaving orphan mode
2021-05-09 17:35:28.208 [135] main/105/gc I> wal/engine cleanup is resumed
2021-05-09 17:35:28.208 [135] main/103/security-server I> set 'log_level' configuration option to 5
2021-05-09 17:35:28.208 [135] main/106/checkpoint_daemon I> scheduled next checkpoint for Sun May  9 19:18:11 2021
2021-05-09 17:35:28.210 [135] main/103/security-server I> set 'log_format' configuration option to "plain"
2021-05-09 17:35:28.242 [135] main/119/http/0.0.0.0:8080 I> started
2021-05-09 17:35:28.242 [135] main C> entering the event loop
2021-05-09 17:35:35.590 [135] main/120/http/172.17.0.1:34706 I> DELETE /app/kw002
2021-05-09 17:35:35.590 [135] wal/101/main xlog.c:1050 W> fallocate is not supported, proceeding without it
2021-05-09 17:35:35.591 [135] main/120/http/172.17.0.1:34706 server.lua:745 E> unhandled error: /usr/share/tarantool/controllers/app.lua:98: attempt to get length of local 'result' (a nil value)
stack traceback:
	/.rocks/share/tarantool/http/server.lua:743: in function 'process_client'
	/.rocks/share/tarantool/http/server.lua:1199: in function </.rocks/share/tarantool/http/server.lua:1198>
	[C]: in function 'pcall'
	builtin/socket.lua:1081: in function <builtin/socket.lua:1079>
request:
DELETE /app/kw002? HTTP/1.1
Host: localhost:8081
Connection: close
User-agent: vscode-restclient
Accept-encoding: gzip, deflate


2021-05-09 17:36:05.530 [135] main C> got signal 15 - Terminated
2021-05-09 17:36:06.550 [169] main/103/security-server C> Tarantool 2.7.2-0-g4d8c06890
2021-05-09 17:36:06.550 [169] main/103/security-server C> log level 5
2021-05-09 17:36:06.551 [169] main/103/security-server I> wal/engine cleanup is paused
2021-05-09 17:36:06.559 [169] main/103/security-server I> mapping 268435456 bytes for memtx tuple arena...
2021-05-09 17:36:06.559 [169] main/103/security-server I> Actual slab_alloc_factor calculated on the basis of desired slab_alloc_factor = 1.044274
2021-05-09 17:36:06.560 [169] main/103/security-server I> mapping 134217728 bytes for vinyl tuple arena...
2021-05-09 17:36:06.563 [169] main/103/security-server I> instance uuid a480f2a9-7eea-46ad-a703-cb6d31e753bf
2021-05-09 17:36:06.576 [169] main/103/security-server I> instance vclock {1: 12}
2021-05-09 17:36:06.578 [169] main/103/security-server I> recovery start
2021-05-09 17:36:06.578 [169] main/103/security-server I> recovering from `/var/lib/tarantool/security-server/00000000000000000000.snap'
2021-05-09 17:36:06.581 [169] main/103/security-server I> cluster uuid 38baa014-63ab-4094-bc44-16fcd6ab7c88
2021-05-09 17:36:06.601 [169] main/103/security-server I> assigned id 1 to replica a480f2a9-7eea-46ad-a703-cb6d31e753bf
2021-05-09 17:36:06.604 [169] main/103/security-server I> recover from `/var/lib/tarantool/security-server/00000000000000000000.xlog'
2021-05-09 17:36:06.605 [169] main/103/security-server I> done `/var/lib/tarantool/security-server/00000000000000000000.xlog'
2021-05-09 17:36:06.607 [169] main/103/security-server I> recover from `/var/lib/tarantool/security-server/00000000000000000007.xlog'
2021-05-09 17:36:06.608 [169] main/103/security-server I> done `/var/lib/tarantool/security-server/00000000000000000007.xlog'
2021-05-09 17:36:06.610 [169] main/103/security-server I> recover from `/var/lib/tarantool/security-server/00000000000000000011.xlog'
2021-05-09 17:36:06.610 [169] main/103/security-server I> done `/var/lib/tarantool/security-server/00000000000000000011.xlog'
2021-05-09 17:36:06.612 [169] main/103/security-server I> recover from `/var/lib/tarantool/security-server/00000000000000000012.xlog'
2021-05-09 17:36:06.612 [169] main/103/security-server I> done `/var/lib/tarantool/security-server/00000000000000000012.xlog'
2021-05-09 17:36:06.623 [169] main/103/security-server I> ready to accept requests
2021-05-09 17:36:06.623 [169] main/103/security-server C> leaving orphan mode
2021-05-09 17:36:06.623 [169] main/105/gc I> wal/engine cleanup is resumed
2021-05-09 17:36:06.624 [169] main/103/security-server I> set 'log_level' configuration option to 5
2021-05-09 17:36:06.624 [169] main/106/checkpoint_daemon I> scheduled next checkpoint for Sun May  9 19:29:38 2021
2021-05-09 17:36:06.626 [169] main/103/security-server I> set 'log_format' configuration option to "plain"
2021-05-09 17:36:06.645 [169] main/119/http/0.0.0.0:8080 I> started
2021-05-09 17:36:06.645 [169] main C> entering the event loop
2021-05-09 17:36:13.428 [169] main/120/http/172.17.0.1:34716 I> GET /app/kw002
2021-05-09 17:36:21.882 [169] main/121/http/172.17.0.1:34720 I> PUT /app/kw002
2021-05-09 17:36:21.882 [169] wal/101/main xlog.c:1050 W> fallocate is not supported, proceeding without it
2021-05-09 17:36:28.120 [169] main/122/http/172.17.0.1:34724 I> GET /app/kw002
2021-05-09 17:36:35.992 [169] main/123/http/172.17.0.1:34730 I> DELETE /app/kw002
2021-05-09 17:36:51.038 [169] main/124/http/172.17.0.1:34734 I> DELETE /app/kw002
2021-05-09 17:36:53.011 [169] main/125/http/172.17.0.1:34738 I> DELETE /app/kw002
2021-05-09 17:38:04.391 [169] main C> got signal 15 - Terminated
2021-05-09 17:38:05.406 [208] main/103/security-server C> Tarantool 2.7.2-0-g4d8c06890
2021-05-09 17:38:05.407 [208] main/103/security-server C> log level 5
2021-05-09 17:38:05.407 [208] main/103/security-server I> wal/engine cleanup is paused
2021-05-09 17:38:05.418 [208] main/103/security-server I> mapping 268435456 bytes for memtx tuple arena...
2021-05-09 17:38:05.418 [208] main/103/security-server I> Actual slab_alloc_factor calculated on the basis of desired slab_alloc_factor = 1.044274
2021-05-09 17:38:05.419 [208] main/103/security-server I> mapping 134217728 bytes for vinyl tuple arena...
2021-05-09 17:38:05.422 [208] main/103/security-server I> instance uuid a480f2a9-7eea-46ad-a703-cb6d31e753bf
2021-05-09 17:38:05.436 [208] main/103/security-server I> instance vclock {1: 16}
2021-05-09 17:38:05.438 [208] main/103/security-server I> recovery start
2021-05-09 17:38:05.439 [208] main/103/security-server I> recovering from `/var/lib/tarantool/security-server/00000000000000000000.snap'
2021-05-09 17:38:05.441 [208] main/103/security-server I> cluster uuid 38baa014-63ab-4094-bc44-16fcd6ab7c88
2021-05-09 17:38:05.457 [208] main/103/security-server I> assigned id 1 to replica a480f2a9-7eea-46ad-a703-cb6d31e753bf
2021-05-09 17:38:05.461 [208] main/103/security-server I> recover from `/var/lib/tarantool/security-server/00000000000000000000.xlog'
2021-05-09 17:38:05.462 [208] main/103/security-server I> done `/var/lib/tarantool/security-server/00000000000000000000.xlog'
2021-05-09 17:38:05.464 [208] main/103/security-server I> recover from `/var/lib/tarantool/security-server/00000000000000000007.xlog'
2021-05-09 17:38:05.464 [208] main/103/security-server I> done `/var/lib/tarantool/security-server/00000000000000000007.xlog'
2021-05-09 17:38:05.466 [208] main/103/security-server I> recover from `/var/lib/tarantool/security-server/00000000000000000011.xlog'
2021-05-09 17:38:05.466 [208] main/103/security-server I> done `/var/lib/tarantool/security-server/00000000000000000011.xlog'
2021-05-09 17:38:05.467 [208] main/103/security-server I> recover from `/var/lib/tarantool/security-server/00000000000000000012.xlog'
2021-05-09 17:38:05.468 [208] main/103/security-server I> done `/var/lib/tarantool/security-server/00000000000000000012.xlog'
2021-05-09 17:38:05.469 [208] main/103/security-server I> recover from `/var/lib/tarantool/security-server/00000000000000000016.xlog'
2021-05-09 17:38:05.469 [208] main/103/security-server I> done `/var/lib/tarantool/security-server/00000000000000000016.xlog'
2021-05-09 17:38:05.482 [208] main/103/security-server I> ready to accept requests
2021-05-09 17:38:05.482 [208] main/103/security-server C> leaving orphan mode
2021-05-09 17:38:05.482 [208] main/105/gc I> wal/engine cleanup is resumed
2021-05-09 17:38:05.483 [208] main/103/security-server I> set 'log_level' configuration option to 5
2021-05-09 17:38:05.483 [208] main/106/checkpoint_daemon I> scheduled next checkpoint for Sun May  9 19:30:03 2021
2021-05-09 17:38:05.484 [208] main/103/security-server I> set 'log_format' configuration option to "plain"
2021-05-09 17:38:05.511 [208] main/119/http/0.0.0.0:8080 I> started
2021-05-09 17:38:05.511 [208] main C> entering the event loop
2021-05-09 17:38:14.040 [208] main/120/http/172.17.0.1:34750 I> DELETE /app/kw002
2021-05-09 17:38:14.040 [208] wal/101/main xlog.c:1050 W> fallocate is not supported, proceeding without it
2021-05-09 17:41:36.750 [208] main C> got signal 15 - Terminated
2021-05-09 17:41:37.769 [287] main/103/security-server C> Tarantool 2.7.2-0-g4d8c06890
2021-05-09 17:41:37.769 [287] main/103/security-server C> log level 5
2021-05-09 17:41:37.769 [287] main/103/security-server I> wal/engine cleanup is paused
2021-05-09 17:41:37.779 [287] main/103/security-server I> mapping 268435456 bytes for memtx tuple arena...
2021-05-09 17:41:37.780 [287] main/103/security-server I> Actual slab_alloc_factor calculated on the basis of desired slab_alloc_factor = 1.044274
2021-05-09 17:41:37.780 [287] main/103/security-server I> mapping 134217728 bytes for vinyl tuple arena...
2021-05-09 17:41:37.784 [287] main/103/security-server I> instance uuid a480f2a9-7eea-46ad-a703-cb6d31e753bf
2021-05-09 17:41:37.799 [287] main/103/security-server I> instance vclock {1: 17}
2021-05-09 17:41:37.802 [287] main/103/security-server I> recovery start
2021-05-09 17:41:37.802 [287] main/103/security-server I> recovering from `/var/lib/tarantool/security-server/00000000000000000000.snap'
2021-05-09 17:41:37.804 [287] main/103/security-server I> cluster uuid 38baa014-63ab-4094-bc44-16fcd6ab7c88
2021-05-09 17:41:37.818 [287] main/103/security-server I> assigned id 1 to replica a480f2a9-7eea-46ad-a703-cb6d31e753bf
2021-05-09 17:41:37.822 [287] main/103/security-server I> recover from `/var/lib/tarantool/security-server/00000000000000000000.xlog'
2021-05-09 17:41:37.823 [287] main/103/security-server I> done `/var/lib/tarantool/security-server/00000000000000000000.xlog'
2021-05-09 17:41:37.825 [287] main/103/security-server I> recover from `/var/lib/tarantool/security-server/00000000000000000007.xlog'
2021-05-09 17:41:37.826 [287] main/103/security-server I> done `/var/lib/tarantool/security-server/00000000000000000007.xlog'
2021-05-09 17:41:37.827 [287] main/103/security-server I> recover from `/var/lib/tarantool/security-server/00000000000000000011.xlog'
2021-05-09 17:41:37.827 [287] main/103/security-server I> done `/var/lib/tarantool/security-server/00000000000000000011.xlog'
2021-05-09 17:41:37.829 [287] main/103/security-server I> recover from `/var/lib/tarantool/security-server/00000000000000000012.xlog'
2021-05-09 17:41:37.829 [287] main/103/security-server I> done `/var/lib/tarantool/security-server/00000000000000000012.xlog'
2021-05-09 17:41:37.831 [287] main/103/security-server I> recover from `/var/lib/tarantool/security-server/00000000000000000016.xlog'
2021-05-09 17:41:37.831 [287] main/103/security-server I> done `/var/lib/tarantool/security-server/00000000000000000016.xlog'
2021-05-09 17:41:37.832 [287] main/103/security-server I> recover from `/var/lib/tarantool/security-server/00000000000000000017.xlog'
2021-05-09 17:41:37.833 [287] main/103/security-server I> done `/var/lib/tarantool/security-server/00000000000000000017.xlog'
2021-05-09 17:41:37.847 [287] main/103/security-server I> ready to accept requests
2021-05-09 17:41:37.847 [287] main/103/security-server C> leaving orphan mode
2021-05-09 17:41:37.847 [287] main/105/gc I> wal/engine cleanup is resumed
2021-05-09 17:41:37.847 [287] main/103/security-server I> set 'log_level' configuration option to 5
2021-05-09 17:41:37.847 [287] main/106/checkpoint_daemon I> scheduled next checkpoint for Sun May  9 19:27:28 2021
2021-05-09 17:41:37.849 [287] main/103/security-server I> set 'log_format' configuration option to "plain"
2021-05-09 17:41:37.897 [287] main/119/http/0.0.0.0:8080 I> started
2021-05-09 17:41:37.897 [287] main C> entering the event loop
2021-05-09 17:41:42.414 [287] main/120/http/172.17.0.1:34770 I> DELETE /app/kw002
2021-05-09 17:41:42.415 [287] wal/101/main xlog.c:1050 W> fallocate is not supported, proceeding without it
2021-05-09 17:46:08.318 [287] main C> got signal 15 - Terminated
2021-05-09 17:46:09.334 [374] main/103/security-server C> Tarantool 2.7.2-0-g4d8c06890
2021-05-09 17:46:09.335 [374] main/103/security-server C> log level 5
2021-05-09 17:46:09.335 [374] main/103/security-server I> wal/engine cleanup is paused
2021-05-09 17:46:09.345 [374] main/103/security-server I> mapping 268435456 bytes for memtx tuple arena...
2021-05-09 17:46:09.345 [374] main/103/security-server I> Actual slab_alloc_factor calculated on the basis of desired slab_alloc_factor = 1.044274
2021-05-09 17:46:09.346 [374] main/103/security-server I> mapping 134217728 bytes for vinyl tuple arena...
2021-05-09 17:46:09.349 [374] main/103/security-server I> instance uuid a480f2a9-7eea-46ad-a703-cb6d31e753bf
2021-05-09 17:46:09.366 [374] main/103/security-server I> instance vclock {1: 18}
2021-05-09 17:46:09.368 [374] main/103/security-server I> recovery start
2021-05-09 17:46:09.368 [374] main/103/security-server I> recovering from `/var/lib/tarantool/security-server/00000000000000000000.snap'
2021-05-09 17:46:09.370 [374] main/103/security-server I> cluster uuid 38baa014-63ab-4094-bc44-16fcd6ab7c88
2021-05-09 17:46:09.385 [374] main/103/security-server I> assigned id 1 to replica a480f2a9-7eea-46ad-a703-cb6d31e753bf
2021-05-09 17:46:09.388 [374] main/103/security-server I> recover from `/var/lib/tarantool/security-server/00000000000000000000.xlog'
2021-05-09 17:46:09.389 [374] main/103/security-server I> done `/var/lib/tarantool/security-server/00000000000000000000.xlog'
2021-05-09 17:46:09.390 [374] main/103/security-server I> recover from `/var/lib/tarantool/security-server/00000000000000000007.xlog'
2021-05-09 17:46:09.391 [374] main/103/security-server I> done `/var/lib/tarantool/security-server/00000000000000000007.xlog'
2021-05-09 17:46:09.392 [374] main/103/security-server I> recover from `/var/lib/tarantool/security-server/00000000000000000011.xlog'
2021-05-09 17:46:09.393 [374] main/103/security-server I> done `/var/lib/tarantool/security-server/00000000000000000011.xlog'
2021-05-09 17:46:09.394 [374] main/103/security-server I> recover from `/var/lib/tarantool/security-server/00000000000000000012.xlog'
2021-05-09 17:46:09.395 [374] main/103/security-server I> done `/var/lib/tarantool/security-server/00000000000000000012.xlog'
2021-05-09 17:46:09.396 [374] main/103/security-server I> recover from `/var/lib/tarantool/security-server/00000000000000000016.xlog'
2021-05-09 17:46:09.397 [374] main/103/security-server I> done `/var/lib/tarantool/security-server/00000000000000000016.xlog'
2021-05-09 17:46:09.399 [374] main/103/security-server I> recover from `/var/lib/tarantool/security-server/00000000000000000017.xlog'
2021-05-09 17:46:09.399 [374] main/103/security-server I> done `/var/lib/tarantool/security-server/00000000000000000017.xlog'
2021-05-09 17:46:09.400 [374] main/103/security-server I> recover from `/var/lib/tarantool/security-server/00000000000000000018.xlog'
2021-05-09 17:46:09.401 [374] main/103/security-server I> done `/var/lib/tarantool/security-server/00000000000000000018.xlog'
2021-05-09 17:46:09.414 [374] main/103/security-server I> ready to accept requests
2021-05-09 17:46:09.414 [374] main/103/security-server C> leaving orphan mode
2021-05-09 17:46:09.414 [374] main/105/gc I> wal/engine cleanup is resumed
2021-05-09 17:46:09.415 [374] main/103/security-server I> set 'log_level' configuration option to 5
2021-05-09 17:46:09.415 [374] main/106/checkpoint_daemon I> scheduled next checkpoint for Sun May  9 19:34:44 2021
2021-05-09 17:46:09.416 [374] main/103/security-server I> set 'log_format' configuration option to "plain"
2021-05-09 17:46:09.435 [374] main/119/http/0.0.0.0:8080 I> started
2021-05-09 17:46:09.435 [374] main C> entering the event loop
2021-05-09 17:46:13.126 [374] main/120/http/172.17.0.1:34794 I> DELETE /app/kw002
2021-05-09 17:46:13.127 [374] wal/101/main xlog.c:1050 W> fallocate is not supported, proceeding without it
2021-05-09 17:46:14.404 [374] main/121/http/172.17.0.1:34798 I> DELETE /app/kw002
2021-05-09 17:46:17.795 [374] main/122/http/172.17.0.1:34802 I> DELETE /app/kw002
2021-05-09 17:46:39.662 [374] main C> got signal 15 - Terminated
2021-05-09 17:46:40.699 [400] main/103/security-server C> Tarantool 2.7.2-0-g4d8c06890
2021-05-09 17:46:40.700 [400] main/103/security-server C> log level 5
2021-05-09 17:46:40.700 [400] main/103/security-server I> wal/engine cleanup is paused
2021-05-09 17:46:40.712 [400] main/103/security-server I> mapping 268435456 bytes for memtx tuple arena...
2021-05-09 17:46:40.712 [400] main/103/security-server I> Actual slab_alloc_factor calculated on the basis of desired slab_alloc_factor = 1.044274
2021-05-09 17:46:40.712 [400] main/103/security-server I> mapping 134217728 bytes for vinyl tuple arena...
2021-05-09 17:46:40.716 [400] main/103/security-server I> instance uuid a480f2a9-7eea-46ad-a703-cb6d31e753bf
2021-05-09 17:46:40.734 [400] main/103/security-server I> instance vclock {1: 21}
2021-05-09 17:46:40.737 [400] main/103/security-server I> recovery start
2021-05-09 17:46:40.737 [400] main/103/security-server I> recovering from `/var/lib/tarantool/security-server/00000000000000000000.snap'
2021-05-09 17:46:40.739 [400] main/103/security-server I> cluster uuid 38baa014-63ab-4094-bc44-16fcd6ab7c88
2021-05-09 17:46:40.754 [400] main/103/security-server I> assigned id 1 to replica a480f2a9-7eea-46ad-a703-cb6d31e753bf
2021-05-09 17:46:40.757 [400] main/103/security-server I> recover from `/var/lib/tarantool/security-server/00000000000000000000.xlog'
2021-05-09 17:46:40.758 [400] main/103/security-server I> done `/var/lib/tarantool/security-server/00000000000000000000.xlog'
2021-05-09 17:46:40.760 [400] main/103/security-server I> recover from `/var/lib/tarantool/security-server/00000000000000000007.xlog'
2021-05-09 17:46:40.761 [400] main/103/security-server I> done `/var/lib/tarantool/security-server/00000000000000000007.xlog'
2021-05-09 17:46:40.762 [400] main/103/security-server I> recover from `/var/lib/tarantool/security-server/00000000000000000011.xlog'
2021-05-09 17:46:40.762 [400] main/103/security-server I> done `/var/lib/tarantool/security-server/00000000000000000011.xlog'
2021-05-09 17:46:40.764 [400] main/103/security-server I> recover from `/var/lib/tarantool/security-server/00000000000000000012.xlog'
2021-05-09 17:46:40.764 [400] main/103/security-server I> done `/var/lib/tarantool/security-server/00000000000000000012.xlog'
2021-05-09 17:46:40.766 [400] main/103/security-server I> recover from `/var/lib/tarantool/security-server/00000000000000000016.xlog'
2021-05-09 17:46:40.766 [400] main/103/security-server I> done `/var/lib/tarantool/security-server/00000000000000000016.xlog'
2021-05-09 17:46:40.767 [400] main/103/security-server I> recover from `/var/lib/tarantool/security-server/00000000000000000017.xlog'
2021-05-09 17:46:40.768 [400] main/103/security-server I> done `/var/lib/tarantool/security-server/00000000000000000017.xlog'
2021-05-09 17:46:40.769 [400] main/103/security-server I> recover from `/var/lib/tarantool/security-server/00000000000000000018.xlog'
2021-05-09 17:46:40.769 [400] main/103/security-server I> done `/var/lib/tarantool/security-server/00000000000000000018.xlog'
2021-05-09 17:46:40.771 [400] main/103/security-server I> recover from `/var/lib/tarantool/security-server/00000000000000000021.xlog'
2021-05-09 17:46:40.771 [400] main/103/security-server I> done `/var/lib/tarantool/security-server/00000000000000000021.xlog'
2021-05-09 17:46:40.785 [400] main/103/security-server I> ready to accept requests
2021-05-09 17:46:40.785 [400] main/103/security-server C> leaving orphan mode
2021-05-09 17:46:40.785 [400] main/105/gc I> wal/engine cleanup is resumed
2021-05-09 17:46:40.786 [400] main/103/security-server I> set 'log_level' configuration option to 5
2021-05-09 17:46:40.786 [400] main/106/checkpoint_daemon I> scheduled next checkpoint for Sun May  9 19:12:01 2021
2021-05-09 17:46:40.787 [400] main/103/security-server I> set 'log_format' configuration option to "plain"
2021-05-09 17:46:40.809 [400] main/119/http/0.0.0.0:8080 I> started
2021-05-09 17:46:40.809 [400] main C> entering the event loop
2021-05-09 17:46:45.708 [400] main/120/http/172.17.0.1:34810 I> DELETE /app/kw002
2021-05-09 17:46:45.708 [400] wal/101/main xlog.c:1050 W> fallocate is not supported, proceeding without it
2021-05-10 03:47:14.852 [26] main/103/security-server C> Tarantool 2.7.2-0-g4d8c06890
2021-05-10 03:47:14.853 [26] main/103/security-server C> log level 5
2021-05-10 03:47:14.853 [26] main/103/security-server I> wal/engine cleanup is paused
2021-05-10 03:47:14.858 [26] main/103/security-server I> mapping 268435456 bytes for memtx tuple arena...
2021-05-10 03:47:14.859 [26] main/103/security-server I> Actual slab_alloc_factor calculated on the basis of desired slab_alloc_factor = 1.044274
2021-05-10 03:47:14.860 [26] main/103/security-server I> mapping 134217728 bytes for vinyl tuple arena...
2021-05-10 03:47:14.864 [26] main/103/security-server I> instance uuid 642d2004-2a92-497f-a795-a01ec20dce29
2021-05-10 03:47:14.864 [26] main/103/security-server I> initializing an empty data directory
2021-05-10 03:47:14.891 [26] main/103/security-server I> assigned id 1 to replica 642d2004-2a92-497f-a795-a01ec20dce29
2021-05-10 03:47:14.892 [26] main/103/security-server I> cluster uuid 9109c78b-2a99-4649-8298-0f3ef406b6d3
2021-05-10 03:47:14.896 [26] snapshot/101/main I> saving snapshot `/var/lib/tarantool/security-server/00000000000000000000.snap.inprogress'
2021-05-10 03:47:14.901 [26] snapshot/101/main I> done
2021-05-10 03:47:14.908 [26] main/103/security-server I> ready to accept requests
2021-05-10 03:47:14.908 [26] main/105/gc I> wal/engine cleanup is resumed
2021-05-10 03:47:14.909 [26] main/103/security-server I> set 'log_level' configuration option to 5
2021-05-10 03:47:14.909 [26] main/106/checkpoint_daemon I> scheduled next checkpoint for Mon May 10 05:01:01 2021
2021-05-10 03:47:14.912 [26] main/103/security-server I> set 'log_format' configuration option to "plain"
2021-05-10 03:47:14.936 [26] wal/101/main xlog.c:1050 W> fallocate is not supported, proceeding without it
2021-05-10 03:47:15.011 [26] main/119/http/0.0.0.0:8080 I> started
2021-05-10 03:47:15.012 [26] main C> entering the event loop
2021-05-10 03:47:20.976 [26] main/120/http/172.17.0.1:35064 I> GET /ping
2021-05-10 03:47:23.199 [26] main/121/http/172.17.0.1:35068 I> POST /app
2021-05-10 03:47:24.772 [26] main/122/http/172.17.0.1:35072 I> POST /app
2021-05-10 03:47:37.035 [26] main/123/http/172.17.0.1:35076 I> POST /app
2021-05-10 03:47:46.722 [26] main/124/http/172.17.0.1:35082 I> POST /app
2021-05-10 03:47:53.573 [26] main/125/http/172.17.0.1:35086 I> PUT /app/kw002
2021-05-10 03:47:59.531 [26] main/126/http/172.17.0.1:35090 I> GET /app/kw002
2021-05-10 03:48:06.237 [26] main/127/http/172.17.0.1:35094 I> PUT /app/kw002
2021-05-10 03:48:09.141 [26] main/128/http/172.17.0.1:35098 I> GET /app/kw002
2021-05-10 03:48:15.517 [26] main/129/http/172.17.0.1:35104 I> DELETE /app/kw002
2021-05-10 03:48:18.773 [26] main/130/http/172.17.0.1:35108 I> DELETE /app/kw002
2021-05-10 03:48:21.289 [26] main/131/http/172.17.0.1:35112 I> DELETE /app/kw002
2021-05-10 03:48:23.811 [26] main/132/http/172.17.0.1:35116 I> PUT /app/kw002
2021-05-10 03:48:24.979 [26] main/133/http/172.17.0.1:35120 I> PUT /app/kw002
2021-05-10 03:48:30.652 [26] main/134/http/172.17.0.1:35124 I> DELETE /app/kw002
2021-05-10 03:48:32.795 [26] main/135/http/172.17.0.1:35128 I> DELETE /app/kw002
2021-05-10 03:48:37.609 [26] main/136/http/172.17.0.1:35132 I> GET /app/kw002
2021-05-10 03:48:43.483 [26] main/137/http/172.17.0.1:35136 I> PUT /app/kw002
2021-05-10 03:48:45.939 [26] main/138/http/172.17.0.1:35142 I> GET /app/kw002
2021-05-10 03:48:48.607 [26] main/139/http/172.17.0.1:35146 I> GET /app
2021-05-10 03:48:48.844 [26] main/140/http/172.17.0.1:35150 I> GET /app
2021-05-10 05:04:20.712 [26] snapshot/101/main I> saving snapshot `/var/lib/tarantool/security-server/00000000000000000017.snap.inprogress'
2021-05-10 05:04:20.716 [26] snapshot/101/main I> done
2021-05-10 05:04:20.720 [26] main/106/checkpoint_daemon I> scheduled next checkpoint for Mon May 10 06:04:20 2021
